Arguments: 
  /Users/willem/.nvm/versions/node/v7.10.0/bin/node /usr/local/Cellar/yarn/1.3.2/libexec/bin/yarn.js add spatie-dom

PATH: 
  /Users/willem/.nvm/versions/node/v7.10.0/bin:/Users/willem/.yarn/bin:/Users/willem/.dotfiles/bin:/Users/willem/.npm-packages/bin:/Users/willem/.rvm/gems/ruby-2.1.2/bin:/Users/willem/.rvm/gems/ruby-2.1.2@global/bin:/Users/willem/.rvm/rubies/ruby-2.1.2/bin:/usr/local/php5/bin:/usr/local/bin:/usr/bin:/bin:/usr/sbin:/sbin:/Users/willem/.composer/vendor/bin:/Users/willem/.dep/bin:/usr/local/mysql/bin:/Users/willem/.rvm/bin:/Users/willem/.rvm/bin

Yarn version: 
  1.3.2

Node version: 
  7.10.0

Platform: 
  darwin x64

npm manifest: 
  {
    "private": true,
    "scripts": {
      "dev": "cross-env NODE_ENV=development node_modules/webpack/bin/webpack.js --progress --hide-modules --config=node_modules/laravel-mix/setup/webpack.config.js",
      "watch": "cross-env NODE_ENV=development node_modules/webpack/bin/webpack.js --watch --progress --hide-modules --config=node_modules/laravel-mix/setup/webpack.config.js",
    },
    "dependencies": {
      "babel-preset-env": "^1.6.0",
      "laravel-mix": "^1.4",
      "postcss-cssnext": "^3.0.2",
      "postcss-easy-import": "^2.1.0",
      "tailwindcss": "^0.3.0"
    }
  }

yarn manifest: 
  No manifest

Lockfile: 
  No lockfile

Trace: 
  SyntaxError: /Users/willem/Sites/srcset-placeholder/package.json: Unexpected token } in JSON at position 378
      at JSON.parse (<anonymous>)
      at /usr/local/Cellar/yarn/1.3.2/libexec/lib/cli.js:770:59
      at Generator.next (<anonymous>)
      at step (/usr/local/Cellar/yarn/1.3.2/libexec/lib/cli.js:92:30)
      at /usr/local/Cellar/yarn/1.3.2/libexec/lib/cli.js:103:13
